[admin] 2022/06/01 - 15:24:46	[34minfo[0m	redis connect ping response:	{"pong": "PONG"}
[admin] 2022/06/01 - 15:24:47	[31merror[0m	DefaultDB 数据库启动异常	{"err": "sql: unknown driver \"mysql\" (forgotten import?)"}
[admin] 2022/06/01 - 15:26:42	[34minfo[0m	redis connect ping response:	{"pong": "PONG"}
[admin] 2022/06/01 - 15:26:42	[31merror[0m	DefaultDB 数据库启动异常	{"err": "sql: unknown driver \"mysql\" (forgotten import?)"}
[admin] 2022/06/01 - 15:32:48	[34minfo[0m	redis connect ping response:	{"pong": "PONG"}
[admin] 2022/06/01 - 15:32:48	[31merror[0m	DefaultDB 数据库启动异常	{"err": "sql: unknown driver \"mysql\" (forgotten import?)"}
[admin] 2022/06/01 - 15:34:47	[34minfo[0m	redis connect ping response:	{"pong": "PONG"}
[admin] 2022/06/01 - 15:34:48	[34minfo[0m	register table success
[admin] 2022/06/01 - 15:34:48	[34minfo[0m	use middleware : logger, recovery ,cors
[admin] 2022/06/01 - 15:34:48	[34minfo[0m	routers register success
[admin] 2022/06/01 - 15:36:37	[34minfo[0m	200           1ns             ::1 POST /api/login 
[admin] 2022/06/01 - 15:36:45	[34minfo[0m	200           1ns             ::1 POST /api/login 
[admin] 2022/06/01 - 15:38:36	[34minfo[0m	200           1ns             ::1 POST /api/login 
[admin] 2022/06/01 - 15:39:02	[34minfo[0m	200           1ns             ::1 POST /api/login 
[admin] 2022/06/01 - 15:39:13	[34minfo[0m	200           1ns             ::1 POST /api/login 
[admin] 2022/06/01 - 15:39:36	[34minfo[0m	200           1ns             ::1 POST /api/login 
[admin] 2022/06/01 - 15:39:49	[34minfo[0m	200           1ns             ::1 POST /api/login 
[admin] 2022/06/01 - 15:40:09	[34minfo[0m	200           1ns             ::1 POST /api/login 
[admin] 2022/06/01 - 15:42:07	[34minfo[0m	200           1ns             ::1 POST /api/login 
[admin] 2022/06/01 - 15:44:25	[34minfo[0m	200           1ns             ::1 POST /api/login 
[admin] 2022/06/01 - 15:58:41	[34minfo[0m	redis connect ping response:	{"pong": "PONG"}
[admin] 2022/06/01 - 15:58:41	[34minfo[0m	register table success
[admin] 2022/06/01 - 15:58:41	[34minfo[0m	use middleware : logger, recovery ,cors
[admin] 2022/06/01 - 15:58:41	[34minfo[0m	routers register success
[admin] 2022/06/01 - 15:58:52	[34minfo[0m	200           1ns             ::1 POST /api/login 
[admin] 2022/06/01 - 16:00:57	[34minfo[0m	redis connect ping response:	{"pong": "PONG"}
[admin] 2022/06/01 - 16:00:57	[34minfo[0m	register table success
[admin] 2022/06/01 - 16:00:57	[34minfo[0m	use middleware : logger, recovery ,cors
[admin] 2022/06/01 - 16:00:57	[34minfo[0m	routers register success
[admin] 2022/06/01 - 16:01:04	[34minfo[0m	200           1ns             ::1 POST /api/login 
[admin] 2022/06/01 - 16:01:28	[34minfo[0m	200           1ns             ::1 POST /api/login 
[admin] 2022/06/01 - 16:01:35	[34minfo[0m	200           1ns             ::1 POST /api/login 
[admin] 2022/06/01 - 16:02:03	[34minfo[0m	redis connect ping response:	{"pong": "PONG"}
[admin] 2022/06/01 - 16:02:03	[34minfo[0m	register table success
[admin] 2022/06/01 - 16:02:03	[34minfo[0m	use middleware : logger, recovery ,cors
[admin] 2022/06/01 - 16:02:09	[34minfo[0m	routers register success
[admin] 2022/06/01 - 16:02:20	[34minfo[0m	200           1ns             ::1 POST /api/login 
[admin] 2022/06/01 - 16:02:33	[34minfo[0m	200           1ns             ::1 POST /api/login 
[admin] 2022/06/01 - 16:03:31	[34minfo[0m	200           1ns             ::1 POST /api/login 
[admin] 2022/06/01 - 16:03:57	[34minfo[0m	redis connect ping response:	{"pong": "PONG"}
[admin] 2022/06/01 - 16:03:57	[34minfo[0m	register table success
[admin] 2022/06/01 - 16:03:57	[34minfo[0m	use middleware : logger, recovery ,cors
[admin] 2022/06/01 - 16:03:57	[34minfo[0m	routers register success
[admin] 2022/06/01 - 16:03:59	[34minfo[0m	200           1ns             ::1 POST /api/login 
[admin] 2022/06/01 - 16:04:08	[34minfo[0m	200           1ns             ::1 POST /api/login 
[admin] 2022/06/01 - 16:09:56	[34minfo[0m	redis connect ping response:	{"pong": "PONG"}
[admin] 2022/06/01 - 16:09:57	[34minfo[0m	register table success
[admin] 2022/06/01 - 16:09:57	[34minfo[0m	use middleware : logger, recovery ,cors
[admin] 2022/06/01 - 16:09:57	[34minfo[0m	routers register success
[admin] 2022/06/01 - 16:10:35	[34minfo[0m	200           1ns             ::1 POST /api/login 
[admin] 2022/06/01 - 16:10:57	[34minfo[0m	redis connect ping response:	{"pong": "PONG"}
[admin] 2022/06/01 - 16:10:57	[34minfo[0m	register table success
[admin] 2022/06/01 - 16:10:57	[34minfo[0m	use middleware : logger, recovery ,cors
[admin] 2022/06/01 - 16:10:57	[34minfo[0m	routers register success
[admin] 2022/06/01 - 16:10:58	[34minfo[0m	redis connect ping response:	{"pong": "PONG"}
[admin] 2022/06/01 - 16:10:58	[34minfo[0m	register table success
[admin] 2022/06/01 - 16:10:59	[34minfo[0m	use middleware : logger, recovery ,cors
[admin] 2022/06/01 - 16:10:59	[34minfo[0m	routers register success
[admin] 2022/06/01 - 16:11:01	[34minfo[0m	200           1ns             ::1 POST /api/login 
[admin] 2022/06/01 - 16:11:09	[34minfo[0m	200           1ns             ::1 POST /api/login 
[admin] 2022/06/01 - 16:11:14	[34minfo[0m	200           1ns             ::1 POST /api/login 
[admin] 2022/06/01 - 16:11:20	[34minfo[0m	200           1ns             ::1 POST /api/login 
[admin] 2022/06/01 - 16:11:54	[34minfo[0m	redis connect ping response:	{"pong": "PONG"}
[admin] 2022/06/01 - 16:11:54	[34minfo[0m	register table success
[admin] 2022/06/01 - 16:11:54	[34minfo[0m	use middleware : logger, recovery ,cors
[admin] 2022/06/01 - 16:11:54	[34minfo[0m	routers register success
[admin] 2022/06/01 - 16:14:15	[34minfo[0m	200           1ns             ::1 POST /api/login 
[admin] 2022/06/01 - 16:14:21	[34minfo[0m	200           1ns             ::1 POST /api/login 
[admin] 2022/06/01 - 16:14:23	[34minfo[0m	200           1ns             ::1 POST /api/login 
[admin] 2022/06/01 - 16:14:44	[34minfo[0m	200           1ns             ::1 POST /api/login 
[admin] 2022/06/01 - 16:14:45	[34minfo[0m	200           1ns             ::1 POST /api/login 
[admin] 2022/06/01 - 16:15:47	[34minfo[0m	redis connect ping response:	{"pong": "PONG"}
[admin] 2022/06/01 - 16:15:47	[34minfo[0m	register table success
[admin] 2022/06/01 - 16:15:47	[34minfo[0m	use middleware : logger, recovery ,cors
[admin] 2022/06/01 - 16:15:47	[34minfo[0m	routers register success
[admin] 2022/06/01 - 16:15:55	[34minfo[0m	200           1ns             ::1 POST /api/login 
[admin] 2022/06/01 - 16:16:15	[34minfo[0m	redis connect ping response:	{"pong": "PONG"}
[admin] 2022/06/01 - 16:16:15	[34minfo[0m	register table success
[admin] 2022/06/01 - 16:16:15	[34minfo[0m	use middleware : logger, recovery ,cors
[admin] 2022/06/01 - 16:16:15	[34minfo[0m	routers register success
[admin] 2022/06/01 - 16:16:26	[34minfo[0m	redis connect ping response:	{"pong": "PONG"}
[admin] 2022/06/01 - 16:16:26	[34minfo[0m	register table success
[admin] 2022/06/01 - 16:16:26	[34minfo[0m	use middleware : logger, recovery ,cors
[admin] 2022/06/01 - 16:16:26	[34minfo[0m	routers register success
[admin] 2022/06/01 - 16:16:34	[34minfo[0m	200           1ns             ::1 POST /api/login 
[admin] 2022/06/01 - 16:16:43	[34minfo[0m	200           1ns             ::1 POST /api/login 
[admin] 2022/06/01 - 16:16:52	[34minfo[0m	200           1ns             ::1 POST /api/login 
[admin] 2022/06/01 - 16:17:06	[34minfo[0m	200           1ns             ::1 POST /api/login 
[admin] 2022/06/01 - 16:17:13	[34minfo[0m	200           1ns             ::1 POST /api/login 
[admin] 2022/06/01 - 16:17:50	[34minfo[0m	200           1ns             ::1 POST /api/login 
[admin] 2022/06/01 - 16:18:01	[34minfo[0m	200           1ns             ::1 POST /api/login 
[admin] 2022/06/01 - 16:19:19	[34minfo[0m	200           1ns             ::1 POST /api/login 
[admin] 2022/06/01 - 16:19:29	[34minfo[0m	200           1ns             ::1 POST /api/login 
[admin] 2022/06/01 - 16:19:40	[34minfo[0m	200           1ns             ::1 POST /api/login 
[admin] 2022/06/01 - 16:20:13	[34minfo[0m	200           1ns             ::1 POST /api/login 
[admin] 2022/06/01 - 16:20:19	[34minfo[0m	200           1ns             ::1 POST /api/login 
[admin] 2022/06/01 - 16:20:42	[34minfo[0m	200           1ns             ::1 POST /api/login 
[admin] 2022/06/01 - 16:20:47	[34minfo[0m	200           1ns             ::1 POST /api/login 
[admin] 2022/06/01 - 16:20:52	[34minfo[0m	200           1ns             ::1 POST /api/login 
[admin] 2022/06/01 - 16:21:27	[34minfo[0m	200           1ns             ::1 POST /api/login 
[admin] 2022/06/01 - 16:21:39	[34minfo[0m	200           1ns             ::1 POST /api/login 
[admin] 2022/06/01 - 16:29:49	[34minfo[0m	redis connect ping response:	{"pong": "PONG"}
[admin] 2022/06/01 - 16:29:49	[34minfo[0m	register table success
[admin] 2022/06/01 - 16:29:49	[34minfo[0m	use middleware : logger, recovery ,cors
[admin] 2022/06/01 - 16:29:49	[34minfo[0m	routers register success
[admin] 2022/06/01 - 16:30:02	[34minfo[0m	200           1ns             ::1 POST /api/login 
[admin] 2022/06/01 - 16:31:14	[34minfo[0m	200           1ns             ::1 POST /api/login 
[admin] 2022/06/01 - 16:31:55	[34minfo[0m	200           1ns             ::1 POST /api/login 
[admin] 2022/06/01 - 16:39:39	[34minfo[0m	200           1ns             ::1 POST /api/login 
[admin] 2022/06/01 - 16:39:45	[34minfo[0m	200           1ns             ::1 POST /api/login 
[admin] 2022/06/01 - 16:39:55	[34minfo[0m	200           1ns             ::1 POST /api/login 
[admin] 2022/06/01 - 16:40:46	[34minfo[0m	200           1ns             ::1 POST /api/login 
[admin] 2022/06/01 - 16:41:38	[34minfo[0m	200           1ns             ::1 POST /api/login 
[admin] 2022/06/01 - 16:41:50	[34minfo[0m	200           1ns             ::1 POST /api/login 
[admin] 2022/06/01 - 16:41:54	[34minfo[0m	200           1ns             ::1 POST /api/login 
[admin] 2022/06/01 - 16:42:03	[34minfo[0m	200           1ns             ::1 POST /api/login 
[admin] 2022/06/01 - 16:43:53	[34minfo[0m	redis connect ping response:	{"pong": "PONG"}
[admin] 2022/06/01 - 16:43:53	[34minfo[0m	register table success
[admin] 2022/06/01 - 16:43:53	[34minfo[0m	use middleware : logger, recovery ,cors
[admin] 2022/06/01 - 16:43:53	[34minfo[0m	routers register success
[admin] 2022/06/01 - 16:44:07	[34minfo[0m	200           1ns             ::1 POST /api/login 
[admin] 2022/06/01 - 16:44:32	[34minfo[0m	200           1ns             ::1 POST /api/login 
[admin] 2022/06/01 - 16:44:43	[34minfo[0m	200           1ns             ::1 POST /api/login 
[admin] 2022/06/01 - 16:46:03	[34minfo[0m	redis connect ping response:	{"pong": "PONG"}
[admin] 2022/06/01 - 16:46:03	[34minfo[0m	register table success
[admin] 2022/06/01 - 16:46:03	[34minfo[0m	use middleware : logger, recovery ,cors
[admin] 2022/06/01 - 16:46:03	[34minfo[0m	routers register success
[admin] 2022/06/01 - 16:46:13	[34minfo[0m	200           1ns             ::1 POST /api/login 
[admin] 2022/06/01 - 16:47:24	[34minfo[0m	redis connect ping response:	{"pong": "PONG"}
[admin] 2022/06/01 - 16:47:24	[34minfo[0m	register table success
[admin] 2022/06/01 - 16:47:24	[34minfo[0m	use middleware : logger, recovery ,cors
[admin] 2022/06/01 - 16:47:24	[34minfo[0m	routers register success
[admin] 2022/06/01 - 16:47:38	[34minfo[0m	200           1ns             ::1 POST /api/login 
[admin] 2022/06/01 - 16:48:08	[34minfo[0m	200           1ns             ::1 POST /api/login 
[admin] 2022/06/01 - 16:48:20	[34minfo[0m	200           1ns             ::1 POST /api/login 
[admin] 2022/06/01 - 16:48:41	[34minfo[0m	redis connect ping response:	{"pong": "PONG"}
[admin] 2022/06/01 - 16:48:41	[34minfo[0m	register table success
[admin] 2022/06/01 - 16:48:41	[34minfo[0m	use middleware : logger, recovery ,cors
[admin] 2022/06/01 - 16:48:41	[34minfo[0m	routers register success
[admin] 2022/06/01 - 16:48:53	[34minfo[0m	200           1ns             ::1 POST /api/login 
[admin] 2022/06/01 - 17:06:17	[34minfo[0m	redis connect ping response:	{"pong": "PONG"}
[admin] 2022/06/01 - 17:06:17	[34minfo[0m	register table success
[admin] 2022/06/01 - 17:06:17	[34minfo[0m	use middleware : logger, recovery ,cors
[admin] 2022/06/01 - 17:06:17	[34minfo[0m	routers register success
[admin] 2022/06/01 - 17:06:25	[34minfo[0m	200           1ns             ::1 POST /api/login 
[admin] 2022/06/01 - 17:06:29	[34minfo[0m	200           1ns             ::1 POST /api/login 
[admin] 2022/06/01 - 17:06:32	[34minfo[0m	200           1ns             ::1 POST /api/login 
[admin] 2022/06/01 - 17:07:48	[34minfo[0m	200           1ns             ::1 POST /api/login 
[admin] 2022/06/01 - 17:09:00	[34minfo[0m	200           1ns             ::1 POST /api/login 
[admin] 2022/06/01 - 17:12:37	[34minfo[0m	redis connect ping response:	{"pong": "PONG"}
[admin] 2022/06/01 - 17:12:38	[34minfo[0m	register table success
[admin] 2022/06/01 - 17:12:38	[34minfo[0m	use middleware : logger, recovery ,cors
[admin] 2022/06/01 - 17:12:38	[34minfo[0m	routers register success
[admin] 2022/06/01 - 17:12:49	[34minfo[0m	200           1ns             ::1 POST /api/login 
[admin] 2022/06/01 - 17:14:43	[34minfo[0m	200           1ns             ::1 POST /api/login 
[admin] 2022/06/01 - 17:14:54	[34minfo[0m	200           1ns             ::1 POST /api/login 
[admin] 2022/06/01 - 17:15:30	[34minfo[0m	200           1ns             ::1 POST /api/login 
[admin] 2022/06/01 - 17:15:40	[34minfo[0m	200           1ns             ::1 POST /api/login 
[admin] 2022/06/01 - 17:16:03	[34minfo[0m	redis connect ping response:	{"pong": "PONG"}
[admin] 2022/06/01 - 17:16:03	[34minfo[0m	register table success
[admin] 2022/06/01 - 17:16:03	[34minfo[0m	use middleware : logger, recovery ,cors
[admin] 2022/06/01 - 17:16:03	[34minfo[0m	routers register success
[admin] 2022/06/01 - 17:16:16	[34minfo[0m	200           1ns             ::1 POST /api/login 
[admin] 2022/06/01 - 17:18:04	[34minfo[0m	200           1ns             ::1 POST /api/login 
[admin] 2022/06/01 - 17:23:43	[34minfo[0m	200           1ns             ::1 POST /api/login 
[admin] 2022/06/01 - 17:24:08	[34minfo[0m	200           1ns             ::1 POST /api/login 
[admin] 2022/06/01 - 17:24:13	[34minfo[0m	200           1ns             ::1 POST /api/login 
[admin] 2022/06/01 - 17:24:18	[34minfo[0m	200           1ns             ::1 POST /api/login 
[admin] 2022/06/01 - 17:24:21	[34minfo[0m	200           1ns             ::1 POST /api/login 
[admin] 2022/06/01 - 17:24:27	[34minfo[0m	200           1ns             ::1 POST /api/login 
[admin] 2022/06/01 - 17:24:43	[34minfo[0m	200           1ns             ::1 POST /api/login 
[admin] 2022/06/01 - 17:24:49	[34minfo[0m	200           1ns             ::1 POST /api/login 
[admin] 2022/06/01 - 17:25:07	[34minfo[0m	200           1ns             ::1 POST /api/login 
[admin] 2022/06/01 - 17:25:20	[34minfo[0m	200           1ns             ::1 POST /api/login 
[admin] 2022/06/01 - 17:25:47	[34minfo[0m	200           1ns             ::1 POST /api/login 
[admin] 2022/06/01 - 17:27:49	[34minfo[0m	200           1ns             ::1 POST /api/login 
[admin] 2022/06/01 - 17:27:51	[34minfo[0m	200           1ns             ::1 POST /api/login 
[admin] 2022/06/01 - 17:27:57	[34minfo[0m	200           1ns             ::1 POST /api/login 
[admin] 2022/06/01 - 17:27:59	[34minfo[0m	200           1ns             ::1 POST /api/login 
[admin] 2022/06/01 - 17:28:08	[34minfo[0m	200           1ns             ::1 POST /api/login 
[admin] 2022/06/01 - 17:28:35	[34minfo[0m	200           1ns             ::1 POST /api/login 
[admin] 2022/06/01 - 17:31:00	[34minfo[0m	200           1ns             ::1 POST /api/login 
[admin] 2022/06/01 - 17:31:02	[34minfo[0m	200           1ns             ::1 POST /api/login 
[admin] 2022/06/01 - 17:31:12	[34minfo[0m	200           1ns             ::1 POST /api/login 
[admin] 2022/06/01 - 17:31:47	[34minfo[0m	200           1ns             ::1 POST /api/login 
[admin] 2022/06/01 - 17:31:53	[34minfo[0m	200           1ns             ::1 POST /api/login 
[admin] 2022/06/01 - 17:43:14	[34minfo[0m	redis connect ping response:	{"pong": "PONG"}
[admin] 2022/06/01 - 17:43:14	[34minfo[0m	register table success
[admin] 2022/06/01 - 17:43:14	[34minfo[0m	use middleware : logger, recovery ,cors
[admin] 2022/06/01 - 17:43:14	[34minfo[0m	routers register success
[admin] 2022/06/01 - 17:43:27	[34minfo[0m	200           1ns             ::1 POST /api/login 
[admin] 2022/06/01 - 17:49:18	[34minfo[0m	redis connect ping response:	{"pong": "PONG"}
[admin] 2022/06/01 - 17:49:18	[34minfo[0m	register table success
[admin] 2022/06/01 - 17:49:18	[34minfo[0m	use middleware : logger, recovery ,cors
[admin] 2022/06/01 - 17:49:18	[34minfo[0m	routers register success
[admin] 2022/06/01 - 17:50:25	[34minfo[0m	redis connect ping response:	{"pong": "PONG"}
[admin] 2022/06/01 - 17:50:25	[34minfo[0m	register table success
[admin] 2022/06/01 - 17:50:25	[34minfo[0m	use middleware : logger, recovery ,cors
[admin] 2022/06/01 - 17:50:25	[34minfo[0m	routers register success
[admin] 2022/06/01 - 17:50:40	[34minfo[0m	redis connect ping response:	{"pong": "PONG"}
[admin] 2022/06/01 - 17:50:41	[34minfo[0m	register table success
[admin] 2022/06/01 - 17:50:41	[34minfo[0m	use middleware : logger, recovery ,cors
[admin] 2022/06/01 - 17:50:41	[34minfo[0m	routers register success
[admin] 2022/06/01 - 17:50:48	[34minfo[0m	200           1ns             ::1 POST /api/login 
[admin] 2022/06/01 - 17:51:29	[34minfo[0m	redis connect ping response:	{"pong": "PONG"}
[admin] 2022/06/01 - 17:51:29	[34minfo[0m	register table success
[admin] 2022/06/01 - 17:51:29	[34minfo[0m	use middleware : logger, recovery ,cors
[admin] 2022/06/01 - 17:51:29	[34minfo[0m	routers register success
[admin] 2022/06/01 - 17:51:35	[34minfo[0m	200           1ns             ::1 POST /api/login 
[admin] 2022/06/01 - 17:54:03	[34minfo[0m	redis connect ping response:	{"pong": "PONG"}
[admin] 2022/06/01 - 17:54:03	[34minfo[0m	register table success
[admin] 2022/06/01 - 17:54:03	[34minfo[0m	use middleware : logger, recovery ,cors
[admin] 2022/06/01 - 17:54:03	[34minfo[0m	routers register success
[admin] 2022/06/01 - 17:54:13	[34minfo[0m	200           1ns       127.0.0.1 POST /api/login 
[admin] 2022/06/01 - 17:54:32	[34minfo[0m	200           1ns       127.0.0.1 POST /api/login 
[admin] 2022/06/01 - 17:54:54	[34minfo[0m	200           1ns       127.0.0.1 POST /api/login 
[admin] 2022/06/01 - 17:55:14	[34minfo[0m	redis connect ping response:	{"pong": "PONG"}
[admin] 2022/06/01 - 17:55:15	[34minfo[0m	register table success
[admin] 2022/06/01 - 17:55:15	[34minfo[0m	use middleware : logger, recovery ,cors
[admin] 2022/06/01 - 17:55:15	[34minfo[0m	routers register success
[admin] 2022/06/01 - 17:55:31	[34minfo[0m	200           1ns             ::1 POST /api/login 
[admin] 2022/06/01 - 17:59:12	[34minfo[0m	redis connect ping response:	{"pong": "PONG"}
[admin] 2022/06/01 - 17:59:12	[34minfo[0m	register table success
[admin] 2022/06/01 - 17:59:12	[34minfo[0m	use middleware : logger, recovery ,cors
[admin] 2022/06/01 - 17:59:12	[34minfo[0m	routers register success
[admin] 2022/06/01 - 17:59:22	[34minfo[0m	200           1ns             ::1 POST /api/login 
[admin] 2022/06/01 - 18:39:57	[34minfo[0m	redis connect ping response:	{"pong": "PONG"}
[admin] 2022/06/01 - 18:39:57	[34minfo[0m	register table success
[admin] 2022/06/01 - 18:39:57	[34minfo[0m	use middleware : logger, recovery ,cors
[admin] 2022/06/01 - 18:39:57	[34minfo[0m	routers register success
[admin] 2022/06/01 - 18:40:22	[34minfo[0m	200           1ns             ::1 POST /api/login 
[admin] 2022/06/01 - 18:40:30	[34minfo[0m	200           1ns             ::1 POST /api/login 
[admin] 2022/06/01 - 18:44:28	[34minfo[0m	redis connect ping response:	{"pong": "PONG"}
[admin] 2022/06/01 - 18:44:28	[34minfo[0m	register table success
[admin] 2022/06/01 - 18:44:28	[34minfo[0m	use middleware : logger, recovery ,cors
[admin] 2022/06/01 - 18:44:28	[34minfo[0m	routers register success
[admin] 2022/06/01 - 18:44:58	[34minfo[0m	200           1ns             ::1 POST /api/login 
